<?xml version="1.0" encoding="UTF-8"?>
<!-- Generated by org.testng.reporters.JUnitXMLReporter -->
<testsuite ignored="3" hostname="DESKTOP-KDK1JRG" failures="0" tests="1" name="Default test" time="1.352" errors="0" timestamp="2024-02-13T19:00:56 GMT">
  <testcase classname="TestOnDataBase" name="InsertVal" time="0.037"/>
  <testcase classname="TestOnDataBase" name="updateQuery" time="0.0">
    <ignored/>
  </testcase> <!-- updateQuery -->
  <testcase classname="TestOnDataBase" name="readData" time="0.0">
    <ignored/>
  </testcase> <!-- readData -->
  <testcase classname="TestOnDataBase" name="DeleteQuery" time="0.0">
    <ignored/>
  </testcase> <!-- DeleteQuery -->
</testsuite> <!-- Default test -->
