<?xml version="1.0" encoding="UTF-8"?>
<testng-results ignored="3" total="4" passed="1" failed="0" skipped="0">
  <reporter-output>
  </reporter-output>
  <suite started-at="2024-02-13T19:00:54 GMT" name="Default suite" finished-at="2024-02-13T19:00:56 GMT" duration-ms="1352">
    <groups>
    </groups>
    <test started-at="2024-02-13T19:00:54 GMT" name="Default test" finished-at="2024-02-13T19:00:56 GMT" duration-ms="1352">
      <class name="TestOnDataBase">
        <test-method is-config="true" signature="BeforeTest()[pri:0, instance:TestOnDataBase@57d7f8ca]" started-at="2024-02-13T19:00:54 GMT" name="BeforeTest" finished-at="2024-02-13T19:00:56 GMT" duration-ms="1243" status="PASS">
          <reporter-output>
          </reporter-output>
        </test-method> <!-- BeforeTest -->
        <test-method signature="InsertVal()[pri:0, instance:TestOnDataBase@57d7f8ca]" started-at="2024-02-13T19:00:56 GMT" name="InsertVal" finished-at="2024-02-13T19:00:56 GMT" duration-ms="37" status="PASS">
          <reporter-output>
          </reporter-output>
        </test-method> <!-- InsertVal -->
      </class> <!-- TestOnDataBase -->
    </test> <!-- Default test -->
  </suite> <!-- Default suite -->
</testng-results>
